Loaded dependency [python3/3.10.14]: sqlite3/3.46.0
Loaded dependency [python3/3.10.14]: gcc/12.4.0-binutils-2.42
Loaded module: python3/3.10.14

Loading python3/3.10.14
  Loading requirement: sqlite3/3.46.0 gcc/12.4.0-binutils-2.42
Loaded module: cuda/11.8
Loading checkpoint shards:   0%|          | 0/3 [00:00<?, ?it/s]Loading checkpoint shards:  33%|███▎      | 1/3 [00:57<01:55, 57.82s/it]Loading checkpoint shards:  67%|██████▋   | 2/3 [01:45<00:51, 51.76s/it]Loading checkpoint shards: 100%|██████████| 3/3 [02:25<00:00, 46.67s/it]Loading checkpoint shards: 100%|██████████| 3/3 [02:25<00:00, 48.65s/it]
Device set to use cuda:0
/work3/s223730/mester/scripts/analysis/run_analysis.py:62: LangChainDeprecationWarning: The class `HuggingFacePipeline` was deprecated in LangChain 0.0.37 and will be removed in 1.0. An updated version of the class exists in the :class:`~langchain-huggingface package and should be used instead. To use it run `pip install -U :class:`~langchain-huggingface` and import as `from :class:`~langchain_huggingface import HuggingFacePipeline``.
  llm_hf = HuggingFacePipeline(pipeline=pipe)
Processing Rows:   0%|          | 0/14630 [00:00<?, ?it/s]Processing Rows:   0%|          | 1/14630 [00:08<34:12:28,  8.42s/it]Processing Rows:   0%|          | 2/14630 [00:19<40:49:04, 10.05s/it]Processing Rows:   0%|          | 3/14630 [00:28<37:54:33,  9.33s/it]Processing Rows:   0%|          | 4/14630 [00:34<33:00:51,  8.13s/it]Processing Rows:   0%|          | 5/14630 [00:40<30:11:02,  7.43s/it]Processing Rows:   0%|          | 6/14630 [00:47<29:04:17,  7.16s/it]Processing Rows:   0%|          | 7/14630 [00:53<27:49:44,  6.85s/it]Processing Rows:   0%|          | 8/14630 [01:04<32:57:05,  8.11s/it]Processing Rows:   0%|          | 9/14630 [01:09<29:31:29,  7.27s/it]Processing Rows:   0%|          | 10/14630 [01:15<27:08:39,  6.68s/it]You seem to be using the pipelines sequentially on GPU. In order to maximize efficiency please use a dataset
Processing Rows:   0%|          | 11/14630 [01:18<22:48:53,  5.62s/it]Processing Rows:   0%|          | 12/14630 [01:23<21:54:33,  5.40s/it]Processing Rows:   0%|          | 13/14630 [01:32<26:52:38,  6.62s/it]Processing Rows:   0%|          | 14/14630 [01:45<34:36:35,  8.52s/it]Processing Rows:   0%|          | 15/14630 [01:55<36:59:54,  9.11s/it]Processing Rows:   0%|          | 16/14630 [02:02<33:56:39,  8.36s/it]Processing Rows:   0%|          | 17/14630 [02:07<29:40:22,  7.31s/it]Processing Rows:   0%|          | 18/14630 [02:12<26:41:19,  6.58s/it]Processing Rows:   0%|          | 19/14630 [02:20<28:29:02,  7.02s/it]Processing Rows:   0%|          | 20/14630 [02:24<25:12:13,  6.21s/it]Processing Rows:   0%|          | 21/14630 [02:27<21:35:39,  5.32s/it]Processing Rows:   0%|          | 22/14630 [02:34<23:13:39,  5.72s/it]Processing Rows:   0%|          | 23/14630 [02:41<24:10:36,  5.96s/it]Processing Rows:   0%|          | 24/14630 [02:53<31:50:54,  7.85s/it]Processing Rows:   0%|          | 25/14630 [02:58<28:54:18,  7.12s/it]Processing Rows:   0%|          | 26/14630 [03:04<26:48:24,  6.61s/it]Processing Rows:   0%|          | 27/14630 [03:08<23:37:48,  5.83s/it]Processing Rows:   0%|          | 28/14630 [03:13<22:29:57,  5.55s/it]Processing Rows:   0%|          | 29/14630 [03:15<18:39:09,  4.60s/it]Processing Rows:   0%|          | 30/14630 [03:20<19:15:11,  4.75s/it]Processing Rows:   0%|          | 31/14630 [03:24<18:03:59,  4.46s/it]Processing Rows:   0%|          | 32/14630 [03:27<16:02:02,  3.95s/it]Processing Rows:   0%|          | 33/14630 [03:35<20:51:37,  5.14s/it]Processing Rows:   0%|          | 34/14630 [03:41<22:10:48,  5.47s/it]Processing Rows:   0%|          | 35/14630 [03:46<22:13:44,  5.48s/it]Processing Rows:   0%|          | 36/14630 [03:55<25:45:46,  6.36s/it]Processing Rows:   0%|          | 37/14630 [04:00<24:42:04,  6.09s/it]Processing Rows:   0%|          | 38/14630 [04:04<22:32:58,  5.56s/it]Processing Rows:   0%|          | 39/14630 [04:21<35:33:35,  8.77s/it]Processing Rows:   0%|          | 40/14630 [04:25<30:14:55,  7.46s/it]Processing Rows:   0%|          | 41/14630 [04:28<25:00:54,  6.17s/it]Processing Rows:   0%|          | 42/14630 [04:32<22:10:09,  5.47s/it]Processing Rows:   0%|          | 43/14630 [04:40<24:40:33,  6.09s/it]Processing Rows:   0%|          | 44/14630 [04:45<23:36:10,  5.83s/it]Processing Rows:   0%|          | 45/14630 [04:48<20:03:35,  4.95s/it]Processing Rows:   0%|          | 46/14630 [04:55<22:22:55,  5.52s/it]Processing Rows:   0%|          | 47/14630 [04:57<19:01:58,  4.70s/it]Processing Rows:   0%|          | 48/14630 [05:07<24:43:55,  6.11s/it]Processing Rows:   0%|          | 49/14630 [05:10<20:48:09,  5.14s/it]Processing Rows:   0%|          | 50/14630 [05:16<21:56:06,  5.42s/it]Processing Rows:   0%|          | 51/14630 [05:34<37:02:50,  9.15s/it]Processing Rows:   0%|          | 52/14630 [05:39<32:32:16,  8.04s/it]Processing Rows:   0%|          | 53/14630 [05:48<33:57:44,  8.39s/it]Processing Rows:   0%|          | 54/14630 [05:52<28:37:12,  7.07s/it]Processing Rows:   0%|          | 55/14630 [05:57<25:30:54,  6.30s/it]Processing Rows:   0%|          | 56/14630 [06:05<27:16:27,  6.74s/it]Processing Rows:   0%|          | 57/14630 [06:08<23:42:43,  5.86s/it]Processing Rows:   0%|          | 58/14630 [06:11<19:28:31,  4.81s/it]Processing Rows:   0%|          | 59/14630 [06:18<21:55:14,  5.42s/it]Processing Rows:   0%|          | 60/14630 [06:24<22:38:23,  5.59s/it]Processing Rows:   0%|          | 61/14630 [06:26<18:40:07,  4.61s/it]Processing Rows:   0%|          | 62/14630 [06:28<15:37:15,  3.86s/it]Processing Rows:   0%|          | 63/14630 [06:30<13:58:30,  3.45s/it]Processing Rows:   0%|          | 64/14630 [06:34<13:52:37,  3.43s/it]Processing Rows:   0%|          | 65/14630 [06:38<15:07:01,  3.74s/it]Processing Rows:   0%|          | 66/14630 [06:42<15:20:27,  3.79s/it]Processing Rows:   0%|          | 67/14630 [06:47<16:14:33,  4.02s/it]Processing Rows:   0%|          | 68/14630 [06:49<14:22:41,  3.55s/it]Processing Rows:   0%|          | 69/14630 [06:53<14:11:38,  3.51s/it]Processing Rows:   0%|          | 70/14630 [06:56<14:28:21,  3.58s/it]Processing Rows:   0%|          | 71/14630 [07:04<19:58:38,  4.94s/it]Processing Rows:   0%|          | 72/14630 [07:07<16:36:58,  4.11s/it]Processing Rows:   0%|          | 73/14630 [07:10<15:13:02,  3.76s/it]Processing Rows:   1%|          | 74/14630 [07:12<13:39:29,  3.38s/it]Processing Rows:   1%|          | 75/14630 [07:16<13:48:53,  3.42s/it]Processing Rows:   1%|          | 76/14630 [07:18<12:48:06,  3.17s/it]Processing Rows:   1%|          | 77/14630 [07:21<11:49:47,  2.93s/it]Processing Rows:   1%|          | 78/14630 [07:23<10:50:03,  2.68s/it]Processing Rows:   1%|          | 79/14630 [07:27<13:00:33,  3.22s/it]Processing Rows:   1%|          | 80/14630 [07:32<15:07:03,  3.74s/it]Processing Rows:   1%|          | 81/14630 [07:36<15:14:36,  3.77s/it]Processing Rows:   1%|          | 82/14630 [07:40<15:57:29,  3.95s/it]Processing Rows:   1%|          | 83/14630 [07:43<13:54:59,  3.44s/it]Processing Rows:   1%|          | 84/14630 [07:45<12:20:52,  3.06s/it]Processing Rows:   1%|          | 85/14630 [07:47<11:23:09,  2.82s/it]Processing Rows:   1%|          | 86/14630 [07:49<10:43:29,  2.65s/it]Processing Rows:   1%|          | 87/14630 [07:52<10:55:53,  2.71s/it]Processing Rows:   1%|          | 88/14630 [08:11<30:58:13,  7.67s/it]Processing Rows:   1%|          | 89/14630 [08:23<36:08:22,  8.95s/it]Processing Rows:   1%|          | 90/14630 [08:28<31:07:12,  7.71s/it]Processing Rows:   1%|          | 91/14630 [08:40<35:47:55,  8.86s/it]Processing Rows:   1%|          | 92/14630 [08:53<41:11:34, 10.20s/it]Processing Rows:   1%|          | 93/14630 [09:05<43:15:56, 10.71s/it]Processing Rows:   1%|          | 94/14630 [09:09<34:59:11,  8.66s/it]Processing Rows:   1%|          | 95/14630 [09:13<29:54:25,  7.41s/it]Processing Rows:   1%|          | 96/14630 [09:17<25:37:04,  6.35s/it]Processing Rows:   1%|          | 97/14630 [09:26<28:29:55,  7.06s/it]Processing Rows:   1%|          | 98/14630 [09:38<34:09:14,  8.46s/it]Processing Rows:   1%|          | 99/14630 [09:40<26:50:19,  6.65s/it]Processing Rows:   1%|          | 100/14630 [09:56<37:45:47,  9.36s/it]Processing Rows:   1%|          | 101/14630 [10:06<38:50:39,  9.62s/it]Processing Rows:   1%|          | 102/14630 [10:10<32:42:01,  8.10s/it]Processing Rows:   1%|          | 103/14630 [10:15<28:47:55,  7.14s/it]Processing Rows:   1%|          | 104/14630 [10:24<30:06:10,  7.46s/it]Processing Rows:   1%|          | 105/14630 [10:28<25:55:33,  6.43s/it]Processing Rows:   1%|          | 106/14630 [10:33<25:14:27,  6.26s/it]Processing Rows:   1%|          | 107/14630 [10:42<27:36:00,  6.84s/it]Processing Rows:   1%|          | 108/14630 [10:48<26:38:57,  6.61s/it]Processing Rows:   1%|          | 109/14630 [10:52<23:22:10,  5.79s/it]Processing Rows:   1%|          | 110/14630 [11:04<30:50:32,  7.65s/it]Processing Rows:   1%|          | 111/14630 [11:13<32:43:07,  8.11s/it]Processing Rows:   1%|          | 112/14630 [11:15<25:46:25,  6.39s/it]Processing Rows:   1%|          | 113/14630 [11:23<27:18:06,  6.77s/it]Processing Rows:   1%|          | 114/14630 [11:33<31:12:09,  7.74s/it]Processing Rows:   1%|          | 115/14630 [11:42<33:35:29,  8.33s/it]Processing Rows:   1%|          | 116/14630 [11:47<28:32:34,  7.08s/it]Processing Rows:   1%|          | 117/14630 [11:51<25:19:08,  6.28s/it]Processing Rows:   1%|          | 118/14630 [11:58<25:42:06,  6.38s/it]Processing Rows:   1%|          | 119/14630 [12:00<20:51:17,  5.17s/it]Processing Rows:   1%|          | 120/14630 [12:12<28:52:42,  7.16s/it]Processing Rows:   1%|          | 121/14630 [12:15<24:19:45,  6.04s/it]Processing Rows:   1%|          | 122/14630 [12:26<29:30:34,  7.32s/it]Processing Rows:   1%|          | 123/14630 [12:28<23:53:51,  5.93s/it]Processing Rows:   1%|          | 124/14630 [12:31<20:38:54,  5.12s/it]Processing Rows:   1%|          | 125/14630 [12:37<21:28:17,  5.33s/it]Processing Rows:   1%|          | 126/14630 [12:42<20:49:13,  5.17s/it]Processing Rows:   1%|          | 127/14630 [12:46<19:41:46,  4.89s/it]Processing Rows:   1%|          | 128/14630 [12:50<18:32:33,  4.60s/it]Processing Rows:   1%|          | 129/14630 [12:56<20:02:29,  4.98s/it]Processing Rows:   1%|          | 130/14630 [13:00<19:18:56,  4.80s/it]Processing Rows:   1%|          | 131/14630 [13:09<24:10:25,  6.00s/it]Processing Rows:   1%|          | 132/14630 [13:23<33:57:42,  8.43s/it]Processing Rows:   1%|          | 133/14630 [13:31<32:22:37,  8.04s/it]Processing Rows:   1%|          | 134/14630 [13:38<31:55:16,  7.93s/it]Processing Rows:   1%|          | 135/14630 [13:53<40:26:00, 10.04s/it]Processing Rows:   1%|          | 136/14630 [14:01<37:26:41,  9.30s/it]Processing Rows:   1%|          | 137/14630 [14:05<31:17:04,  7.77s/it]Processing Rows:   1%|          | 138/14630 [14:14<32:59:01,  8.19s/it]Processing Rows:   1%|          | 139/14630 [14:17<25:57:33,  6.45s/it]Processing Rows:   1%|          | 140/14630 [14:24<26:49:20,  6.66s/it]Processing Rows:   1%|          | 141/14630 [14:27<23:12:00,  5.76s/it]Processing Rows:   1%|          | 142/14630 [14:30<19:46:34,  4.91s/it]Processing Rows:   1%|          | 143/14630 [14:37<22:34:00,  5.61s/it]Processing Rows:   1%|          | 144/14630 [14:46<25:31:16,  6.34s/it]Processing Rows:   1%|          | 145/14630 [14:53<26:54:46,  6.69s/it]Processing Rows:   1%|          | 146/14630 [14:56<22:04:35,  5.49s/it]Processing Rows:   1%|          | 147/14630 [14:58<18:41:18,  4.65s/it]Processing Rows:   1%|          | 148/14630 [15:07<23:34:35,  5.86s/it]Processing Rows:   1%|          | 149/14630 [15:16<27:06:55,  6.74s/it]Processing Rows:   1%|          | 150/14630 [15:29<35:16:36,  8.77s/it]Processing Rows:   1%|          | 151/14630 [15:37<33:33:39,  8.34s/it]Processing Rows:   1%|          | 152/14630 [15:40<27:57:13,  6.95s/it]Processing Rows:   1%|          | 153/14630 [15:49<30:27:56,  7.58s/it]Processing Rows:   1%|          | 154/14630 [16:02<36:48:54,  9.16s/it]Processing Rows:   1%|          | 155/14630 [16:08<32:39:52,  8.12s/it]Processing Rows:   1%|          | 156/14630 [16:18<34:37:40,  8.61s/it]Processing Rows:   1%|          | 157/14630 [16:22<29:19:18,  7.29s/it]Processing Rows:   1%|          | 158/14630 [16:27<26:07:48,  6.50s/it]Processing Rows:   1%|          | 159/14630 [16:35<27:44:56,  6.90s/it]Processing Rows:   1%|          | 160/14630 [16:39<25:18:46,  6.30s/it]Processing Rows:   1%|          | 161/14630 [16:47<26:32:12,  6.60s/it]Processing Rows:   1%|          | 162/14630 [16:56<30:01:54,  7.47s/it]Processing Rows:   1%|          | 163/14630 [17:01<27:12:01,  6.77s/it]Processing Rows:   1%|          | 164/14630 [17:11<30:07:48,  7.50s/it]Processing Rows:   1%|          | 165/14630 [17:15<25:53:51,  6.45s/it]Processing Rows:   1%|          | 166/14630 [17:17<21:38:01,  5.38s/it]Processing Rows:   1%|          | 167/14630 [17:23<21:21:12,  5.32s/it]Processing Rows:   1%|          | 168/14630 [17:25<17:56:40,  4.47s/it]Processing Rows:   1%|          | 169/14630 [17:29<17:29:06,  4.35s/it]Processing Rows:   1%|          | 170/14630 [17:31<14:54:35,  3.71s/it]Processing Rows:   1%|          | 171/14630 [17:34<13:47:35,  3.43s/it]Processing Rows:   1%|          | 172/14630 [17:37<12:59:35,  3.24s/it]Processing Rows:   1%|          | 173/14630 [17:39<12:03:16,  3.00s/it]Processing Rows:   1%|          | 174/14630 [17:42<11:54:38,  2.97s/it]Processing Rows:   1%|          | 175/14630 [17:46<13:05:29,  3.26s/it]Processing Rows:   1%|          | 176/14630 [17:52<15:34:58,  3.88s/it]Processing Rows:   1%|          | 177/14630 [17:55<14:55:41,  3.72s/it]Processing Rows:   1%|          | 178/14630 [17:59<14:50:24,  3.70s/it]Processing Rows:   1%|          | 179/14630 [18:04<17:33:16,  4.37s/it]Processing Rows:   1%|          | 180/14630 [18:20<30:29:52,  7.60s/it]Processing Rows:   1%|          | 181/14630 [18:31<35:26:12,  8.83s/it]Processing Rows:   1%|          | 182/14630 [18:37<31:32:19,  7.86s/it]Processing Rows:   1%|▏         | 183/14630 [18:40<25:25:29,  6.34s/it]Processing Rows:   1%|▏         | 184/14630 [18:42<20:55:02,  5.21s/it]Processing Rows:   1%|▏         | 185/14630 [18:47<20:28:06,  5.10s/it]Processing Rows:   1%|▏         | 186/14630 [18:56<25:01:44,  6.24s/it]Processing Rows:   1%|▏         | 187/14630 [19:05<28:08:41,  7.02s/it]Processing Rows:   1%|▏         | 188/14630 [19:11<27:40:18,  6.90s/it]Processing Rows:   1%|▏         | 189/14630 [19:14<22:21:59,  5.58s/it]Processing Rows:   1%|▏         | 190/14630 [19:18<20:33:36,  5.13s/it]Processing Rows:   1%|▏         | 191/14630 [19:21<18:03:54,  4.50s/it]Processing Rows:   1%|▏         | 192/14630 [19:23<15:30:02,  3.86s/it]Processing Rows:   1%|▏         | 193/14630 [19:31<19:21:47,  4.83s/it]Processing Rows:   1%|▏         | 194/14630 [19:33<16:16:42,  4.06s/it]Processing Rows:   1%|▏         | 195/14630 [19:45<26:07:47,  6.52s/it]Processing Rows:   1%|▏         | 196/14630 [19:48<21:19:21,  5.32s/it]Processing Rows:   1%|▏         | 197/14630 [19:51<19:14:37,  4.80s/it]Processing Rows:   1%|▏         | 198/14630 [19:53<16:14:01,  4.05s/it]Processing Rows:   1%|▏         | 199/14630 [19:58<16:43:22,  4.17s/it]Processing Rows:   1%|▏         | 200/14630 [20:12<28:34:18,  7.13s/it]Processing Rows:   1%|▏         | 201/14630 [20:16<24:50:43,  6.20s/it]Processing Rows:   1%|▏         | 202/14630 [20:23<26:13:58,  6.55s/it]Processing Rows:   1%|▏         | 203/14630 [20:26<21:36:04,  5.39s/it]Processing Rows:   1%|▏         | 204/14630 [20:32<22:25:40,  5.60s/it]Processing Rows:   1%|▏         | 205/14630 [20:40<25:40:52,  6.41s/it]Processing Rows:   1%|▏         | 206/14630 [20:44<21:43:02,  5.42s/it]Processing Rows:   1%|▏         | 207/14630 [20:50<23:21:46,  5.83s/it]Processing Rows:   1%|▏         | 208/14630 [20:56<23:38:01,  5.90s/it]Processing Rows:   1%|▏         | 209/14630 [21:00<20:35:33,  5.14s/it]Processing Rows:   1%|▏         | 210/14630 [21:06<22:21:38,  5.58s/it]Processing Rows:   1%|▏         | 211/14630 [21:09<19:12:37,  4.80s/it]Processing Rows:   1%|▏         | 212/14630 [21:14<18:38:01,  4.65s/it]Processing Rows:   1%|▏         | 213/14630 [21:20<20:48:29,  5.20s/it]Processing Rows:   1%|▏         | 214/14630 [21:27<22:43:52,  5.68s/it]Processing Rows:   1%|▏         | 215/14630 [21:29<18:58:53,  4.74s/it]Processing Rows:   1%|▏         | 216/14630 [21:32<16:30:53,  4.12s/it]Processing Rows:   1%|▏         | 217/14630 [21:37<17:23:15,  4.34s/it]Processing Rows:   1%|▏         | 218/14630 [21:42<17:36:00,  4.40s/it]Processing Rows:   1%|▏         | 219/14630 [21:47<18:39:45,  4.66s/it]Processing Rows:   2%|▏         | 220/14630 [21:52<19:24:42,  4.85s/it]Processing Rows:   2%|▏         | 221/14630 [22:00<23:36:40,  5.90s/it]Processing Rows:   2%|▏         | 222/14630 [22:08<25:10:25,  6.29s/it]Processing Rows:   2%|▏         | 223/14630 [22:10<20:28:54,  5.12s/it]Processing Rows:   2%|▏         | 224/14630 [22:12<17:11:04,  4.29s/it]Processing Rows:   2%|▏         | 225/14630 [22:21<22:09:22,  5.54s/it]Processing Rows:   2%|▏         | 226/14630 [22:24<19:13:39,  4.81s/it]Processing Rows:   2%|▏         | 227/14630 [22:28<17:46:22,  4.44s/it]Processing Rows:   2%|▏         | 228/14630 [22:32<17:39:50,  4.42s/it]Processing Rows:   2%|▏         | 229/14630 [22:38<19:46:27,  4.94s/it]Processing Rows:   2%|▏         | 230/14630 [22:41<16:48:33,  4.20s/it]Processing Rows:   2%|▏         | 231/14630 [22:53<26:46:52,  6.70s/it]Processing Rows:   2%|▏         | 232/14630 [23:00<27:27:38,  6.87s/it]Processing Rows:   2%|▏         | 233/14630 [23:03<22:54:14,  5.73s/it]Processing Rows:   2%|▏         | 234/14630 [23:08<21:10:41,  5.30s/it]Processing Rows:   2%|▏         | 235/14630 [23:14<22:27:08,  5.62s/it]Processing Rows:   2%|▏         | 236/14630 [23:22<25:21:08,  6.34s/it]Processing Rows:   2%|▏         | 237/14630 [23:27<23:38:49,  5.91s/it]Processing Rows:   2%|▏         | 238/14630 [23:31<21:25:48,  5.36s/it]Processing Rows:   2%|▏         | 239/14630 [23:39<24:28:09,  6.12s/it]Processing Rows:   2%|▏         | 240/14630 [23:51<31:55:05,  7.99s/it]Processing Rows:   2%|▏         | 241/14630 [24:01<33:27:05,  8.37s/it]Processing Rows:   2%|▏         | 242/14630 [24:04<27:30:26,  6.88s/it]Processing Rows:   2%|▏         | 243/14630 [24:06<22:14:27,  5.57s/it]Processing Rows:   2%|▏         | 244/14630 [24:09<18:24:52,  4.61s/it]Processing Rows:   2%|▏         | 245/14630 [24:17<22:20:06,  5.59s/it]Processing Rows:   2%|▏         | 246/14630 [24:28<29:15:34,  7.32s/it]Processing Rows:   2%|▏         | 247/14630 [24:36<30:34:39,  7.65s/it]Processing Rows:   2%|▏         | 248/14630 [24:39<24:43:24,  6.19s/it]Processing Rows:   2%|▏         | 249/14630 [24:45<23:45:00,  5.95s/it]Processing Rows:   2%|▏         | 250/14630 [24:47<19:58:06,  5.00s/it]Processing Rows:   2%|▏         | 251/14630 [24:50<16:31:00,  4.14s/it]Processing Rows:   2%|▏         | 252/14630 [24:52<14:11:49,  3.55s/it]Processing Rows:   2%|▏         | 253/14630 [24:56<15:13:38,  3.81s/it]Processing Rows:   2%|▏         | 254/14630 [24:59<14:05:37,  3.53s/it]Processing Rows:   2%|▏         | 255/14630 [25:03<15:01:37,  3.76s/it]Processing Rows:   2%|▏         | 256/14630 [25:08<16:22:18,  4.10s/it]Processing Rows:   2%|▏         | 257/14630 [25:11<14:13:18,  3.56s/it]Processing Rows:   2%|▏         | 258/14630 [25:14<14:19:36,  3.59s/it]Processing Rows:   2%|▏         | 259/14630 [25:16<12:40:10,  3.17s/it]Processing Rows:   2%|▏         | 260/14630 [25:19<11:59:07,  3.00s/it]Processing Rows:   2%|▏         | 261/14630 [25:21<11:08:17,  2.79s/it]Processing Rows:   2%|▏         | 262/14630 [25:24<10:48:53,  2.71s/it]Processing Rows:   2%|▏         | 263/14630 [25:32<17:16:11,  4.33s/it]Processing Rows:   2%|▏         | 264/14630 [25:35<15:24:50,  3.86s/it]Processing Rows:   2%|▏         | 265/14630 [25:39<15:40:30,  3.93s/it]Processing Rows:   2%|▏         | 266/14630 [25:44<17:31:19,  4.39s/it]Processing Rows:   2%|▏         | 266/14630 [25:44<23:10:15,  5.81s/it]
Traceback (most recent call last):
  File "/work3/s223730/mester/test_env/lib/python3.10/site-packages/pandas/core/indexes/base.py", line 3805, in get_loc
    return self._engine.get_loc(casted_key)
  File "index.pyx", line 167, in pandas._libs.index.IndexEngine.get_loc
  File "index.pyx", line 196, in pandas._libs.index.IndexEngine.get_loc
  File "pandas/_libs/hashtable_class_helper.pxi", line 2606, in pandas._libs.hashtable.Int64HashTable.get_item
  File "pandas/_libs/hashtable_class_helper.pxi", line 2630, in pandas._libs.hashtable.Int64HashTable.get_item
KeyError: 267

The above exception was the direct cause of the following exception:

Traceback (most recent call last):
  File "/work3/s223730/mester/scripts/analysis/run_analysis.py", line 197, in <module>
    main()
  File "/work3/s223730/mester/scripts/analysis/run_analysis.py", line 173, in main
    if pd.isnull(df_LLM.at[index, column_name]) or df_LLM.at[index, column_name].strip() == "":
  File "/work3/s223730/mester/test_env/lib/python3.10/site-packages/pandas/core/indexing.py", line 2575, in __getitem__
    return super().__getitem__(key)
  File "/work3/s223730/mester/test_env/lib/python3.10/site-packages/pandas/core/indexing.py", line 2527, in __getitem__
    return self.obj._get_value(*key, takeable=self._takeable)
  File "/work3/s223730/mester/test_env/lib/python3.10/site-packages/pandas/core/frame.py", line 4221, in _get_value
    row = self.index.get_loc(index)
  File "/work3/s223730/mester/test_env/lib/python3.10/site-packages/pandas/core/indexes/base.py", line 3812, in get_loc
    raise KeyError(key) from err
KeyError: 267
