Loaded dependency [python3/3.10.14]: sqlite3/3.46.0
Loaded dependency [python3/3.10.14]: gcc/12.4.0-binutils-2.42
Loaded module: python3/3.10.14

Loading python3/3.10.14
  Loading requirement: sqlite3/3.46.0 gcc/12.4.0-binutils-2.42
Loaded module: cuda/11.8
Loading checkpoint shards:   0%|          | 0/2 [00:00<?, ?it/s]Loading checkpoint shards:  50%|█████     | 1/2 [00:49<00:49, 49.21s/it]Loading checkpoint shards: 100%|██████████| 2/2 [01:08<00:00, 31.66s/it]Loading checkpoint shards: 100%|██████████| 2/2 [01:08<00:00, 34.29s/it]
Device set to use cuda:0
/work3/s223730/mester/scripts/analysis/run_analysis.py:62: LangChainDeprecationWarning: The class `HuggingFacePipeline` was deprecated in LangChain 0.0.37 and will be removed in 1.0. An updated version of the class exists in the :class:`~langchain-huggingface package and should be used instead. To use it run `pip install -U :class:`~langchain-huggingface` and import as `from :class:`~langchain_huggingface import HuggingFacePipeline``.
  llm_hf = HuggingFacePipeline(pipeline=pipe)
Processing Rows:   0%|          | 0/14630 [00:00<?, ?it/s]Processing Rows:   0%|          | 1/14630 [00:08<32:35:54,  8.02s/it]Processing Rows:   0%|          | 2/14630 [00:12<24:11:15,  5.95s/it]Processing Rows:   0%|          | 3/14630 [00:21<29:56:43,  7.37s/it]Processing Rows:   0%|          | 4/14630 [00:29<30:12:26,  7.44s/it]Processing Rows:   0%|          | 5/14630 [00:36<29:41:48,  7.31s/it]Processing Rows:   0%|          | 6/14630 [00:43<29:49:16,  7.34s/it]Processing Rows:   0%|          | 7/14630 [00:48<26:59:55,  6.65s/it]Processing Rows:   0%|          | 8/14630 [00:57<29:32:04,  7.27s/it]Processing Rows:   0%|          | 9/14630 [01:05<31:04:28,  7.65s/it]Processing Rows:   0%|          | 10/14630 [01:13<31:24:25,  7.73s/it]You seem to be using the pipelines sequentially on GPU. In order to maximize efficiency please use a dataset
Processing Rows:   0%|          | 11/14630 [01:20<30:34:43,  7.53s/it]Processing Rows:   0%|          | 12/14630 [01:28<30:18:33,  7.46s/it]Processing Rows:   0%|          | 13/14630 [01:36<31:12:28,  7.69s/it]Processing Rows:   0%|          | 14/14630 [01:43<30:19:50,  7.47s/it]Processing Rows:   0%|          | 15/14630 [01:51<31:26:24,  7.74s/it]Processing Rows:   0%|          | 16/14630 [01:59<31:19:59,  7.72s/it]Processing Rows:   0%|          | 17/14630 [02:06<30:17:03,  7.46s/it]Processing Rows:   0%|          | 18/14630 [02:13<29:57:38,  7.38s/it]Processing Rows:   0%|          | 19/14630 [02:20<29:35:08,  7.29s/it]Processing Rows:   0%|          | 20/14630 [02:26<27:42:00,  6.83s/it]Processing Rows:   0%|          | 21/14630 [02:34<28:49:25,  7.10s/it]Processing Rows:   0%|          | 22/14630 [02:41<29:49:32,  7.35s/it]Processing Rows:   0%|          | 23/14630 [02:49<30:22:51,  7.49s/it]Processing Rows:   0%|          | 24/14630 [02:56<28:49:53,  7.11s/it]Processing Rows:   0%|          | 25/14630 [02:59<23:49:50,  5.87s/it]Processing Rows:   0%|          | 26/14630 [03:07<26:56:00,  6.64s/it]Processing Rows:   0%|          | 27/14630 [03:12<25:21:39,  6.25s/it]Processing Rows:   0%|          | 28/14630 [03:19<26:28:51,  6.53s/it]Processing Rows:   0%|          | 29/14630 [03:26<27:03:05,  6.67s/it]Processing Rows:   0%|          | 30/14630 [03:34<27:47:27,  6.85s/it]Processing Rows:   0%|          | 31/14630 [03:41<27:49:49,  6.86s/it]Processing Rows:   0%|          | 32/14630 [03:47<27:48:40,  6.86s/it]Processing Rows:   0%|          | 33/14630 [03:56<29:56:30,  7.38s/it]Processing Rows:   0%|          | 34/14630 [04:00<25:47:16,  6.36s/it]Processing Rows:   0%|          | 35/14630 [04:08<28:12:26,  6.96s/it]Processing Rows:   0%|          | 36/14630 [04:15<28:11:31,  6.95s/it]Processing Rows:   0%|          | 37/14630 [04:22<27:56:54,  6.89s/it]Processing Rows:   0%|          | 38/14630 [04:28<26:25:40,  6.52s/it]Processing Rows:   0%|          | 39/14630 [04:37<29:16:16,  7.22s/it]Processing Rows:   0%|          | 40/14630 [04:43<28:12:56,  6.96s/it]Processing Rows:   0%|          | 41/14630 [04:50<28:48:16,  7.11s/it]Processing Rows:   0%|          | 42/14630 [04:58<28:50:58,  7.12s/it]Processing Rows:   0%|          | 43/14630 [05:03<27:00:10,  6.66s/it]Processing Rows:   0%|          | 44/14630 [05:10<27:46:09,  6.85s/it]Processing Rows:   0%|          | 45/14630 [05:18<28:26:43,  7.02s/it]Processing Rows:   0%|          | 46/14630 [05:25<29:09:58,  7.20s/it]Processing Rows:   0%|          | 47/14630 [05:33<29:00:16,  7.16s/it]Processing Rows:   0%|          | 48/14630 [05:35<23:30:59,  5.81s/it]Processing Rows:   0%|          | 49/14630 [05:42<25:08:50,  6.21s/it]Processing Rows:   0%|          | 50/14630 [05:51<27:31:16,  6.80s/it]Processing Rows:   0%|          | 51/14630 [05:57<27:33:51,  6.81s/it]Processing Rows:   0%|          | 52/14630 [06:05<28:19:09,  6.99s/it]Processing Rows:   0%|          | 53/14630 [06:13<29:46:47,  7.35s/it]Processing Rows:   0%|          | 54/14630 [06:20<29:05:07,  7.18s/it]Processing Rows:   0%|          | 55/14630 [06:25<26:24:00,  6.52s/it]Processing Rows:   0%|          | 56/14630 [06:33<28:32:19,  7.05s/it]Processing Rows:   0%|          | 57/14630 [06:38<25:58:54,  6.42s/it]Processing Rows:   0%|          | 58/14630 [06:45<26:28:39,  6.54s/it]Processing Rows:   0%|          | 59/14630 [06:51<26:12:51,  6.48s/it]Processing Rows:   0%|          | 60/14630 [06:58<26:44:57,  6.61s/it]Processing Rows:   0%|          | 61/14630 [07:02<23:00:43,  5.69s/it]Processing Rows:   0%|          | 62/14630 [07:08<23:55:54,  5.91s/it]Processing Rows:   0%|          | 63/14630 [07:15<25:00:08,  6.18s/it]Processing Rows:   0%|          | 64/14630 [07:18<21:16:49,  5.26s/it]Processing Rows:   0%|          | 65/14630 [07:25<23:03:15,  5.70s/it]Processing Rows:   0%|          | 66/14630 [07:30<22:17:12,  5.51s/it]Processing Rows:   0%|          | 67/14630 [07:33<20:06:03,  4.97s/it]Processing Rows:   0%|          | 68/14630 [07:36<17:26:10,  4.31s/it]Processing Rows:   0%|          | 69/14630 [07:43<20:21:18,  5.03s/it]Processing Rows:   0%|          | 70/14630 [07:50<22:31:42,  5.57s/it]Processing Rows:   0%|          | 71/14630 [07:57<24:09:25,  5.97s/it]Processing Rows:   0%|          | 72/14630 [08:02<22:51:04,  5.65s/it]Processing Rows:   0%|          | 73/14630 [08:08<24:09:39,  5.98s/it]Processing Rows:   1%|          | 74/14630 [08:15<25:03:36,  6.20s/it]Processing Rows:   1%|          | 75/14630 [08:20<23:15:50,  5.75s/it]Processing Rows:   1%|          | 76/14630 [08:26<24:13:09,  5.99s/it]Processing Rows:   1%|          | 77/14630 [08:33<25:16:43,  6.25s/it]Processing Rows:   1%|          | 78/14630 [08:40<25:47:01,  6.38s/it]Processing Rows:   1%|          | 79/14630 [08:46<25:33:52,  6.32s/it]Processing Rows:   1%|          | 80/14630 [08:53<26:28:02,  6.55s/it]Processing Rows:   1%|          | 81/14630 [09:00<27:08:19,  6.72s/it]Processing Rows:   1%|          | 82/14630 [09:04<23:33:55,  5.83s/it]Processing Rows:   1%|          | 83/14630 [09:10<23:19:48,  5.77s/it]Processing Rows:   1%|          | 84/14630 [09:13<20:34:27,  5.09s/it]Processing Rows:   1%|          | 85/14630 [09:20<22:34:12,  5.59s/it]Processing Rows:   1%|          | 86/14630 [09:23<20:12:20,  5.00s/it]Processing Rows:   1%|          | 87/14630 [09:31<22:44:50,  5.63s/it]Processing Rows:   1%|          | 88/14630 [09:42<30:03:55,  7.44s/it]Processing Rows:   1%|          | 89/14630 [09:51<31:32:34,  7.81s/it]Processing Rows:   1%|          | 90/14630 [09:55<26:45:25,  6.62s/it]Processing Rows:   1%|          | 91/14630 [10:04<29:49:05,  7.38s/it]Processing Rows:   1%|          | 92/14630 [10:11<29:35:59,  7.33s/it]Processing Rows:   1%|          | 93/14630 [10:18<29:33:33,  7.32s/it]Processing Rows:   1%|          | 94/14630 [10:25<28:31:42,  7.07s/it]Processing Rows:   1%|          | 95/14630 [10:31<27:16:57,  6.76s/it]Processing Rows:   1%|          | 96/14630 [10:34<22:24:20,  5.55s/it]Processing Rows:   1%|          | 97/14630 [10:42<26:21:27,  6.53s/it]Processing Rows:   1%|          | 98/14630 [10:48<25:08:40,  6.23s/it]Processing Rows:   1%|          | 99/14630 [10:55<25:42:00,  6.37s/it]Processing Rows:   1%|          | 100/14630 [11:03<28:28:45,  7.06s/it]Processing Rows:   1%|          | 101/14630 [11:12<29:52:08,  7.40s/it]Processing Rows:   1%|          | 102/14630 [11:15<24:35:38,  6.09s/it]Processing Rows:   1%|          | 103/14630 [11:21<25:32:16,  6.33s/it]Processing Rows:   1%|          | 104/14630 [11:30<28:09:32,  6.98s/it]Processing Rows:   1%|          | 105/14630 [11:37<28:02:36,  6.95s/it]Processing Rows:   1%|          | 106/14630 [11:45<30:02:05,  7.44s/it]Processing Rows:   1%|          | 107/14630 [11:53<29:44:44,  7.37s/it]Processing Rows:   1%|          | 108/14630 [12:00<29:52:34,  7.41s/it]Processing Rows:   1%|          | 109/14630 [12:07<29:21:21,  7.28s/it]Processing Rows:   1%|          | 110/14630 [12:14<29:05:05,  7.21s/it]Processing Rows:   1%|          | 111/14630 [12:19<26:32:06,  6.58s/it]Processing Rows:   1%|          | 112/14630 [12:26<26:45:27,  6.64s/it]Processing Rows:   1%|          | 113/14630 [12:29<22:44:31,  5.64s/it]Processing Rows:   1%|          | 114/14630 [12:36<23:30:05,  5.83s/it]Processing Rows:   1%|          | 115/14630 [12:41<22:24:57,  5.56s/it]Processing Rows:   1%|          | 116/14630 [12:46<21:51:05,  5.42s/it]Processing Rows:   1%|          | 117/14630 [12:53<23:55:43,  5.94s/it]Processing Rows:   1%|          | 118/14630 [12:56<20:51:41,  5.18s/it]Processing Rows:   1%|          | 119/14630 [13:00<19:14:04,  4.77s/it]Processing Rows:   1%|          | 120/14630 [13:08<22:39:38,  5.62s/it]Processing Rows:   1%|          | 121/14630 [13:15<24:28:05,  6.07s/it]Processing Rows:   1%|          | 122/14630 [13:22<25:57:41,  6.44s/it]Processing Rows:   1%|          | 123/14630 [13:29<26:34:08,  6.59s/it]Processing Rows:   1%|          | 124/14630 [13:33<23:27:51,  5.82s/it]Processing Rows:   1%|          | 125/14630 [13:39<23:46:42,  5.90s/it]Processing Rows:   1%|          | 126/14630 [13:43<21:24:02,  5.31s/it]Processing Rows:   1%|          | 127/14630 [13:48<21:07:52,  5.25s/it]Processing Rows:   1%|          | 128/14630 [13:54<22:16:30,  5.53s/it]Processing Rows:   1%|          | 129/14630 [14:01<23:51:36,  5.92s/it]Processing Rows:   1%|          | 130/14630 [14:08<25:00:25,  6.21s/it]Processing Rows:   1%|          | 131/14630 [14:15<25:40:38,  6.38s/it]Processing Rows:   1%|          | 132/14630 [14:22<26:10:52,  6.50s/it]Processing Rows:   1%|          | 133/14630 [14:25<22:20:22,  5.55s/it]Processing Rows:   1%|          | 134/14630 [14:32<24:27:43,  6.08s/it]Processing Rows:   1%|          | 135/14630 [14:41<27:48:46,  6.91s/it]Processing Rows:   1%|          | 136/14630 [14:47<26:04:43,  6.48s/it]Processing Rows:   1%|          | 137/14630 [14:52<25:14:56,  6.27s/it]Processing Rows:   1%|          | 138/14630 [15:00<26:34:00,  6.60s/it]Processing Rows:   1%|          | 139/14630 [15:06<26:41:20,  6.63s/it]Processing Rows:   1%|          | 140/14630 [15:14<27:24:25,  6.81s/it]Processing Rows:   1%|          | 141/14630 [15:21<27:52:36,  6.93s/it]Processing Rows:   1%|          | 142/14630 [15:26<26:06:16,  6.49s/it]Processing Rows:   1%|          | 143/14630 [15:30<22:26:00,  5.57s/it]Processing Rows:   1%|          | 144/14630 [15:37<23:56:09,  5.95s/it]Processing Rows:   1%|          | 145/14630 [15:46<27:54:54,  6.94s/it]Processing Rows:   1%|          | 146/14630 [15:53<27:54:34,  6.94s/it]Processing Rows:   1%|          | 147/14630 [16:00<27:55:05,  6.94s/it]Processing Rows:   1%|          | 148/14630 [16:07<28:14:54,  7.02s/it]Processing Rows:   1%|          | 149/14630 [16:10<23:11:00,  5.76s/it]Processing Rows:   1%|          | 150/14630 [16:17<25:11:44,  6.26s/it]Processing Rows:   1%|          | 151/14630 [16:25<26:37:13,  6.62s/it]Processing Rows:   1%|          | 152/14630 [16:32<27:14:49,  6.78s/it]Processing Rows:   1%|          | 153/14630 [16:37<24:55:58,  6.20s/it]Processing Rows:   1%|          | 154/14630 [16:44<26:26:19,  6.57s/it]Processing Rows:   1%|          | 155/14630 [16:50<25:16:17,  6.29s/it]Processing Rows:   1%|          | 156/14630 [16:56<25:36:40,  6.37s/it]Processing Rows:   1%|          | 157/14630 [17:04<26:59:16,  6.71s/it]Processing Rows:   1%|          | 158/14630 [17:10<26:14:12,  6.53s/it]Processing Rows:   1%|          | 159/14630 [17:17<27:27:53,  6.83s/it]Processing Rows:   1%|          | 160/14630 [17:24<27:29:18,  6.84s/it]Processing Rows:   1%|          | 161/14630 [17:32<28:32:03,  7.10s/it]Processing Rows:   1%|          | 162/14630 [17:36<24:55:23,  6.20s/it]Processing Rows:   1%|          | 163/14630 [17:45<27:39:16,  6.88s/it]Processing Rows:   1%|          | 164/14630 [17:50<25:41:33,  6.39s/it]Processing Rows:   1%|          | 165/14630 [17:57<26:13:42,  6.53s/it]Processing Rows:   1%|          | 166/14630 [18:01<23:22:41,  5.82s/it]Processing Rows:   1%|          | 167/14630 [18:07<24:24:44,  6.08s/it]Processing Rows:   1%|          | 168/14630 [18:14<24:53:20,  6.20s/it]Processing Rows:   1%|          | 169/14630 [18:21<25:37:30,  6.38s/it]Processing Rows:   1%|          | 170/14630 [18:24<21:58:53,  5.47s/it]Processing Rows:   1%|          | 171/14630 [18:31<23:56:42,  5.96s/it]Processing Rows:   1%|          | 172/14630 [18:38<25:12:50,  6.28s/it]Processing Rows:   1%|          | 173/14630 [18:45<25:59:22,  6.47s/it]Processing Rows:   1%|          | 174/14630 [18:48<21:26:39,  5.34s/it]Processing Rows:   1%|          | 175/14630 [18:55<23:22:29,  5.82s/it]Processing Rows:   1%|          | 176/14630 [19:02<25:10:16,  6.27s/it]Processing Rows:   1%|          | 177/14630 [19:06<22:41:16,  5.65s/it]Processing Rows:   1%|          | 178/14630 [19:11<22:03:48,  5.50s/it]Processing Rows:   1%|          | 179/14630 [19:19<24:59:09,  6.22s/it]Processing Rows:   1%|          | 180/14630 [19:26<25:40:24,  6.40s/it]Processing Rows:   1%|          | 181/14630 [19:34<27:40:30,  6.90s/it]Processing Rows:   1%|          | 182/14630 [19:42<28:25:20,  7.08s/it]Processing Rows:   1%|▏         | 183/14630 [19:49<28:26:42,  7.09s/it]Processing Rows:   1%|▏         | 184/14630 [19:56<28:16:11,  7.04s/it]Processing Rows:   1%|▏         | 185/14630 [20:04<29:12:23,  7.28s/it]Processing Rows:   1%|▏         | 186/14630 [20:08<26:18:25,  6.56s/it]Processing Rows:   1%|▏         | 187/14630 [20:18<29:36:24,  7.38s/it]Processing Rows:   1%|▏         | 188/14630 [20:25<29:39:47,  7.39s/it]Processing Rows:   1%|▏         | 189/14630 [20:27<22:32:27,  5.62s/it]Processing Rows:   1%|▏         | 190/14630 [20:33<23:00:53,  5.74s/it]Processing Rows:   1%|▏         | 191/14630 [20:40<24:25:05,  6.09s/it]Processing Rows:   1%|▏         | 192/14630 [20:45<23:17:29,  5.81s/it]Processing Rows:   1%|▏         | 193/14630 [20:49<21:29:25,  5.36s/it]Processing Rows:   1%|▏         | 194/14630 [20:51<17:49:54,  4.45s/it]Processing Rows:   1%|▏         | 195/14630 [20:57<19:19:17,  4.82s/it]Processing Rows:   1%|▏         | 196/14630 [21:04<21:50:51,  5.45s/it]Processing Rows:   1%|▏         | 197/14630 [21:11<23:27:17,  5.85s/it]Processing Rows:   1%|▏         | 198/14630 [21:16<23:02:04,  5.75s/it]Processing Rows:   1%|▏         | 199/14630 [21:20<20:47:06,  5.19s/it]Processing Rows:   1%|▏         | 200/14630 [21:25<19:54:26,  4.97s/it]Processing Rows:   1%|▏         | 201/14630 [21:33<23:47:53,  5.94s/it]Processing Rows:   1%|▏         | 202/14630 [21:39<24:01:12,  5.99s/it]Processing Rows:   1%|▏         | 203/14630 [21:45<24:22:02,  6.08s/it]Processing Rows:   1%|▏         | 204/14630 [21:50<22:23:27,  5.59s/it]Processing Rows:   1%|▏         | 205/14630 [21:57<24:17:06,  6.06s/it]Processing Rows:   1%|▏         | 206/14630 [22:02<23:32:28,  5.88s/it]Processing Rows:   1%|▏         | 207/14630 [22:10<25:12:54,  6.29s/it]Processing Rows:   1%|▏         | 208/14630 [22:19<29:08:55,  7.28s/it]Processing Rows:   1%|▏         | 209/14630 [22:26<28:27:05,  7.10s/it]Processing Rows:   1%|▏         | 210/14630 [22:31<26:00:18,  6.49s/it]Processing Rows:   1%|▏         | 211/14630 [22:36<24:05:02,  6.01s/it]Processing Rows:   1%|▏         | 212/14630 [22:42<23:49:06,  5.95s/it]Processing Rows:   1%|▏         | 213/14630 [22:48<24:58:48,  6.24s/it]Processing Rows:   1%|▏         | 214/14630 [22:52<21:08:30,  5.28s/it]Processing Rows:   1%|▏         | 215/14630 [22:59<23:16:37,  5.81s/it]Processing Rows:   1%|▏         | 216/14630 [23:04<22:30:31,  5.62s/it]Processing Rows:   1%|▏         | 217/14630 [23:11<24:07:36,  6.03s/it]Processing Rows:   1%|▏         | 218/14630 [23:18<25:45:59,  6.44s/it]Processing Rows:   1%|▏         | 219/14630 [23:22<22:21:36,  5.59s/it]Processing Rows:   2%|▏         | 220/14630 [23:29<23:58:02,  5.99s/it]Processing Rows:   2%|▏         | 221/14630 [23:36<25:48:47,  6.45s/it]Processing Rows:   2%|▏         | 222/14630 [23:41<24:15:46,  6.06s/it]Processing Rows:   2%|▏         | 223/14630 [23:48<25:12:53,  6.30s/it]Processing Rows:   2%|▏         | 224/14630 [23:54<24:04:56,  6.02s/it]Processing Rows:   2%|▏         | 225/14630 [24:01<25:29:05,  6.37s/it]Processing Rows:   2%|▏         | 226/14630 [24:08<26:02:21,  6.51s/it]Processing Rows:   2%|▏         | 227/14630 [24:15<26:41:26,  6.67s/it]Processing Rows:   2%|▏         | 228/14630 [24:21<26:51:50,  6.72s/it]Processing Rows:   2%|▏         | 229/14630 [24:27<25:37:14,  6.40s/it]Processing Rows:   2%|▏         | 230/14630 [24:34<25:47:47,  6.45s/it]Processing Rows:   2%|▏         | 231/14630 [24:38<23:10:26,  5.79s/it]Processing Rows:   2%|▏         | 232/14630 [24:45<24:57:00,  6.24s/it]Processing Rows:   2%|▏         | 233/14630 [24:52<25:37:38,  6.41s/it]Processing Rows:   2%|▏         | 234/14630 [25:00<27:35:39,  6.90s/it]Processing Rows:   2%|▏         | 235/14630 [25:07<28:02:59,  7.01s/it]Processing Rows:   2%|▏         | 236/14630 [25:13<26:57:35,  6.74s/it]Processing Rows:   2%|▏         | 237/14630 [25:22<28:33:33,  7.14s/it]Processing Rows:   2%|▏         | 238/14630 [25:27<26:30:38,  6.63s/it]Processing Rows:   2%|▏         | 239/14630 [25:35<27:45:31,  6.94s/it]Processing Rows:   2%|▏         | 240/14630 [25:39<24:03:16,  6.02s/it]Processing Rows:   2%|▏         | 241/14630 [25:45<24:26:25,  6.11s/it]Processing Rows:   2%|▏         | 242/14630 [25:48<20:16:42,  5.07s/it]Processing Rows:   2%|▏         | 243/14630 [25:52<19:33:35,  4.89s/it]Processing Rows:   2%|▏         | 244/14630 [25:59<21:46:37,  5.45s/it]Processing Rows:   2%|▏         | 245/14630 [26:07<25:34:26,  6.40s/it]Processing Rows:   2%|▏         | 246/14630 [26:15<27:32:48,  6.89s/it]Processing Rows:   2%|▏         | 247/14630 [26:23<28:05:13,  7.03s/it]Processing Rows:   2%|▏         | 248/14630 [26:29<27:12:55,  6.81s/it]Processing Rows:   2%|▏         | 249/14630 [26:38<29:26:21,  7.37s/it]Processing Rows:   2%|▏         | 250/14630 [26:45<29:12:25,  7.31s/it]Processing Rows:   2%|▏         | 251/14630 [26:52<28:30:42,  7.14s/it]Processing Rows:   2%|▏         | 252/14630 [26:58<28:05:48,  7.03s/it]Processing Rows:   2%|▏         | 253/14630 [27:05<28:01:52,  7.02s/it]Processing Rows:   2%|▏         | 254/14630 [27:13<28:34:59,  7.16s/it]Processing Rows:   2%|▏         | 255/14630 [27:18<26:04:37,  6.53s/it]Processing Rows:   2%|▏         | 256/14630 [27:25<26:59:57,  6.76s/it]Processing Rows:   2%|▏         | 257/14630 [27:27<21:17:43,  5.33s/it]Processing Rows:   2%|▏         | 258/14630 [27:30<18:24:15,  4.61s/it]Processing Rows:   2%|▏         | 259/14630 [27:37<20:54:42,  5.24s/it]Processing Rows:   2%|▏         | 260/14630 [27:42<21:07:53,  5.29s/it]Processing Rows:   2%|▏         | 261/14630 [27:49<22:55:04,  5.74s/it]Processing Rows:   2%|▏         | 262/14630 [27:56<24:09:46,  6.05s/it]Processing Rows:   2%|▏         | 263/14630 [28:03<25:26:32,  6.38s/it]Processing Rows:   2%|▏         | 264/14630 [28:10<26:19:26,  6.60s/it]Processing Rows:   2%|▏         | 265/14630 [28:17<26:32:56,  6.65s/it]Processing Rows:   2%|▏         | 266/14630 [28:26<29:55:24,  7.50s/it]Processing Rows:   2%|▏         | 266/14630 [28:26<25:36:10,  6.42s/it]
Traceback (most recent call last):
  File "/work3/s223730/mester/test_env/lib/python3.10/site-packages/pandas/core/indexes/base.py", line 3805, in get_loc
    return self._engine.get_loc(casted_key)
  File "index.pyx", line 167, in pandas._libs.index.IndexEngine.get_loc
  File "index.pyx", line 196, in pandas._libs.index.IndexEngine.get_loc
  File "pandas/_libs/hashtable_class_helper.pxi", line 2606, in pandas._libs.hashtable.Int64HashTable.get_item
  File "pandas/_libs/hashtable_class_helper.pxi", line 2630, in pandas._libs.hashtable.Int64HashTable.get_item
KeyError: 267

The above exception was the direct cause of the following exception:

Traceback (most recent call last):
  File "/work3/s223730/mester/scripts/analysis/run_analysis.py", line 197, in <module>
    main()
  File "/work3/s223730/mester/scripts/analysis/run_analysis.py", line 173, in main
    if pd.isnull(df_LLM.at[index, column_name]) or df_LLM.at[index, column_name].strip() == "":
  File "/work3/s223730/mester/test_env/lib/python3.10/site-packages/pandas/core/indexing.py", line 2575, in __getitem__
    return super().__getitem__(key)
  File "/work3/s223730/mester/test_env/lib/python3.10/site-packages/pandas/core/indexing.py", line 2527, in __getitem__
    return self.obj._get_value(*key, takeable=self._takeable)
  File "/work3/s223730/mester/test_env/lib/python3.10/site-packages/pandas/core/frame.py", line 4221, in _get_value
    row = self.index.get_loc(index)
  File "/work3/s223730/mester/test_env/lib/python3.10/site-packages/pandas/core/indexes/base.py", line 3812, in get_loc
    raise KeyError(key) from err
KeyError: 267
